[debug] ----------------------------------------------------------------------
[debug] Command:      C:\Program Files\nodejs\node.exe C:\Users\Renan\AppData\Roaming\npm\node_modules\firebase-tools\bin\firebase deploy
[debug] CLI Version:  3.7.0
[debug] Platform:     win32
[debug] Node Version: v6.10.2
[debug] Time:         Wed Jun 28 2017 19:49:37 GMT-0300 (Hora oficial do Brasil)
[debug] ----------------------------------------------------------------------
[debug] 
[debug] > command requires scopes: ["email","openid","https://www.googleapis.com/auth/cloudplatformprojects.readonly","https://www.googleapis.com/auth/firebase","https://www.googleapis.com/auth/cloud-platform"]
[debug] > refreshing access token with scopes: ["email","https://www.googleapis.com/auth/cloud-platform","https://www.googleapis.com/auth/cloudplatformprojects.readonly","https://www.googleapis.com/auth/firebase","openid"]
[debug] >>> HTTP REQUEST POST https://www.googleapis.com/oauth2/v3/token { refresh_token: '1/g0LEEO5j0SWsed_1BOp41A3jYTN5RQHD2o_sxpsKxiw',
  client_id: '563584335869-fgrhgmd47bqnekij5i8b5pr03ho849e6.apps.googleusercontent.com',
  client_secret: 'j9iVZfS8kkCEFUPaAeJV0sAi',
  grant_type: 'refresh_token',
  scope: 'email https://www.googleapis.com/auth/cloud-platform https://www.googleapis.com/auth/cloudplatformprojects.readonly https://www.googleapis.com/auth/firebase openid' } 
 Wed Jun 28 2017 19:49:37 GMT-0300 (Hora oficial do Brasil)
[debug] <<< HTTP RESPONSE 200
[debug] >>> HTTP REQUEST GET https://admin.firebase.com/v1/projects/devfestcerrado-71206  
 Wed Jun 28 2017 19:49:37 GMT-0300 (Hora oficial do Brasil)
[debug] <<< HTTP RESPONSE 200
[debug] >>> HTTP REQUEST GET https://admin.firebase.com/v1/database/devfestcerrado-71206/tokens  
 Wed Jun 28 2017 19:49:39 GMT-0300 (Hora oficial do Brasil)
[debug] <<< HTTP RESPONSE 200
[info] 
[info] === Deploying to 'devfestcerrado-71206'...
[info] 
[info] i  deploying database, hosting
[info] +  database: rules ready to deploy.
[info] i  hosting: preparing ./build directory for upload...
[debug] >>> HTTP REQUEST PUT https://deploy.firebase.com/v1/hosting/devfestcerrado-71206/uploads/-KnktKZUO2GRbYxYAZFw?fileCount=148&message=  
 Wed Jun 28 2017 19:49:47 GMT-0300 (Hora oficial do Brasil)
